<?xml version="1.0" encoding="UTF-8"?>
<testng-results ignored="0" total="1" passed="1" failed="0" skipped="0">
  <reporter-output>
  </reporter-output>
  <suite started-at="2023-08-26T22:14:54 IST" name="Default suite" finished-at="2023-08-26T22:15:27 IST" duration-ms="32547">
    <groups>
    </groups>
    <test started-at="2023-08-26T22:14:54 IST" name="Default test" finished-at="2023-08-26T22:15:27 IST" duration-ms="32547">
      <class name="Web_Testing.MouseOver">
        <test-method signature="testURL()[pri:0, instance:Web_Testing.MouseOver@7526515b]" started-at="2023-08-26T22:14:54 IST" name="testURL" finished-at="2023-08-26T22:15:27 IST" duration-ms="32491" status="PASS">
          <reporter-output>
          </reporter-output>
        </test-method> <!-- testURL -->
      </class> <!-- Web_Testing.MouseOver -->
    </test> <!-- Default test -->
  </suite> <!-- Default suite -->
</testng-results>
